9 [140537833359296] INFO perfrun.launcher <> - Launcher main begin
11 [140537833359296] INFO perfrun.launcher <> - MessageCatalogInit finished
12 [140537833359296] INFO perfrun.launcher <> - Launcher instance created
12 [140537833359296] INFO perfrun.launcher <> - argc = 6; cmdline = /opt/intel/oneapi/advisor/2025.4/bin64/advixe-runss -dump-vdso -r /home/danie/Descargas/proj/img_border_detection/advisor/bdet_explicit/e000/hs000 --tmp-dir /tmp/advixe-tmp-root 
192 [140537833359296] INFO perfrun.launcher <> - create msngr2::ICliToolContext
193 [140537833359296] INFO perfrun.launcher <> - create file finder object
194 [140537671706304] INFO perfrun.launcher <> - plugin [remoteplug] was disabled because it doesn't support the given collection type.
194 [140537671706304] INFO perfrun.launcher <> - plugin [system] was disabled because it doesn't support the given collection type.
194 [140537671706304] INFO perfrun.vdso <> - dumping [vdso] pseudomodule
196 [140537671706304] INFO perfrun.launcher <> - plugin [itt] was disabled because it doesn't support the given collection type.
196 [140537671706304] INFO perfrun.launcher <> - plugin [] was disabled because it doesn't support the given collection type.
196 [140537671706304] INFO perfrun.launcher <> - plugin [gpu] was disabled because it doesn't support the given collection type.
196 [140537671706304] INFO perfrun.launcher <> - plugin [] was disabled because it doesn't support the given collection type.
196 [140537671706304] INFO perfrun.launcher <> - plugin [] was disabled because it doesn't support the given collection type.
196 [140537671706304] INFO perfrun.launcher <> - plugin [] was disabled because it doesn't support the given collection type.
197 [140537671706304] INFO perfrun.launcher <> - plugin [mrte] was disabled because it doesn't support the given collection type.
197 [140537671706304] INFO perfrun.launcher <> - plugin [] was disabled because it doesn't support the given collection type.
197 [140537671706304] INFO perfrun.launcher <> - plugin [] was disabled because it doesn't support the given collection type.
197 [140537671706304] INFO perfrun.launcher <> - plugin [] was disabled because it doesn't support the given collection type.
197 [140537671706304] INFO perfrun.launcher <> - plugin [] was disabled because it doesn't support the given collection type.
197 [140537671706304] INFO perfrun.launcher <> - plugin [] was disabled because it doesn't support the given collection type.
197 [140537671706304] INFO perfrun.launcher <> - plugin [] was disabled because it doesn't support the given collection type.
197 [140537671706304] INFO perfrun.launcher <> - plugin [] was disabled because it doesn't support the given collection type.
197 [140537671706304] INFO perfrun.launcher <> - plugin [tpss] was disabled because it doesn't support the given collection type.
198 [140537671706304] INFO perfrun.launcher <> - plugin [] was disabled because it doesn't support the given collection type.
198 [140537671706304] INFO perfrun.launcher <> - plugin [] was disabled because it doesn't support the given collection type.
198 [140537671706304] INFO perfrun.launcher <> - plugin [] was disabled because it doesn't support the given collection type.
198 [140537671706304] INFO perfrun.launcher <> - plugin [] was disabled because it doesn't support the given collection type.
198 [140537671706304] INFO perfrun.launcher <> - plugin [] was disabled because it doesn't support the given collection type.
198 [140537671706304] INFO perfrun.launcher <> - plugin [] was disabled because it doesn't support the given collection type.
198 [140537671706304] INFO perfrun.launcher <> - plugin [] was disabled because it doesn't support the given collection type.
198 [140537671706304] INFO perfrun.launcher <> - plugin [] was disabled because it doesn't support the given collection type.
198 [140537671706304] INFO perfrun.launcher <> - plugin [] was disabled because it doesn't support the given collection type.
198 [140537671706304] INFO perfrun.launcher <> - plugin [] was disabled because it doesn't support the given collection type.
198 [140537833359296] INFO perfrun.launcher <> - Application exit code: 0
198 [140537833359296] INFO perfrun.launcher <> - Exit code: 0
