1 [128417620400064] INFO perfrun.launcher <> - Launcher main begin
2 [128417620400064] INFO perfrun.launcher <> - MessageCatalogInit finished
3 [128417620400064] INFO perfrun.launcher <> - Launcher instance created
3 [128417620400064] INFO perfrun.launcher <> - argc = 7; cmdline = /opt/intel/oneapi/advisor/2025.4/bin64/advixe-runss --ui-output-format xml --ui-output-fd 198 --option-file /home/danie/Descargas/proj/img_border_detection/advisor/bdet_auto/e000/hs001/config/runss.options 
83 [128417620400064] INFO perfrun.launcher <> - create msngr2::ICliToolContext
83 [128417620400064] INFO perfrun.launcher <> - create file finder object
83 [128417620400064] INFO perfrun.launcher <> - create a result directory: pattern = /home/danie/Descargas/proj/img_border_detection/advisor/bdet_auto/e000/hs001 pid = 4294967295
91 [128417620400064] INFO perfrun.sdk <> - checked that the directory /home/danie/Descargas/proj/img_border_detection/advisor/bdet_auto/e000/hs001 is a local directory
91 [128417620400064] INFO perfrun.sdk <> - the directory /home/danie/Descargas/proj/img_border_detection/advisor/bdet_auto/e000/hs001 is a local directory with FS type ID 61267
91 [128417620400064] INFO perfrun.launcher <> - create data directory = /home/danie/Descargas/proj/img_border_detection/advisor/bdet_auto/e000/hs001/data.0
91 [128417620400064] INFO perfrun.launcher <> - Creating the master collection flag
146 [128417620400064] INFO perfrun.launcher <> - Done creating the master collection flag
147 [128417458546368] INFO perfrun.launcher <> - plugin [remoteplug] was disabled because it doesn't support the given collection type.
147 [128417458546368] INFO perfrun.sdk <> - Allocating TMU :/home/danie/Descargas/proj/img_border_detection/advisor/bdet_auto/e000/hs001/data.0/systemcollector-32045-danie-BUAP.sc
150 [128417458546368] INFO perfrun.launcher <> - plugin [] was disabled because it doesn't support the given collection type.
150 [128417458546368] INFO perfrun.launcher <> - plugin [gpu] was disabled because it doesn't support the given collection type.
150 [128417458546368] INFO perfrun.launcher <> - plugin [] was disabled because it doesn't support the given collection type.
150 [128417458546368] INFO perfrun.launcher <> - plugin [] was disabled because it doesn't support the given collection type.
150 [128417458546368] INFO perfrun.launcher <> - plugin [] was disabled because it doesn't support the given collection type.
150 [128417458546368] INFO perfrun.mrte <> - system-wide mode is 0
150 [128417458546368] INFO perfrun.mrte <> - Getting  mrte profiling environment ...
160 [128417458546368] INFO perfrun.mrte <> - INTEL_MRTE_DATA_DIR=/home/danie/Descargas/proj/img_border_detection/advisor/bdet_auto/e000/hs001/data.0
160 [128417458546368] INFO perfrun.mrte <> - INTEL_MRTE_HOST_NAME=danie-BUAP
160 [128417458546368] INFO perfrun.mrte <> - JAVA_TOOL_OPTIONS=-agentlib:advixe_samplingmrte_javaprof_1.0 -Dsun.boot.library.path=/opt/intel/oneapi/advisor/2025.4/lib32/runtime:/opt/intel/oneapi/advisor/2025.4/lib64/runtime
160 [128417458546368] INFO perfrun.mrte <> - LD_LIBRARY_PATH=/opt/intel/oneapi/advisor/2025.4/lib32/runtime:/opt/intel/oneapi/advisor/2025.4/lib64/runtime:/opt/intel/oneapi/tcm/1.4/lib:/opt/intel/oneapi/umf/1.0/lib:/opt/intel/oneapi/tbb/2022.3/env/../lib/intel64/gcc4.8:/opt/intel/oneapi/mpi/2021.17/opt/mpi/libfabric/lib:/opt/intel/oneapi/mpi/2021.17/lib:/opt/intel/oneapi/mkl/2025.3/lib:/opt/intel/oneapi/ishmem/1.5/lib:/opt/intel/oneapi/ippcp/2025.3/lib/:/opt/intel/oneapi/ipp/2022.3/lib:/opt/intel/oneapi/dnnl/2025.3/lib:/opt/intel/oneapi/debugger/2025.3/opt/debugger/lib:/opt/intel/oneapi/dal/2025.10/lib:/opt/intel/oneapi/compiler/2025.3/opt/compiler/lib:/opt/intel/oneapi/compiler/2025.3/lib:/opt/intel/oneapi/ccl/2021.17/lib/:/opt/intel/oneapi/tcm/1.4/lib:/opt/intel/oneapi/umf/1.0/lib:/opt/intel/oneapi/tbb/2022.3/env/../lib/intel64/gcc4.8:/opt/intel/oneapi/mpi/2021.17/opt/mpi/libfabric/lib:/opt/intel/oneapi/mpi/2021.17/lib:/opt/intel/oneapi/mkl/2025.3/lib:/opt/intel/oneapi/ishmem/1.5/lib:/opt/intel/oneapi/ippcp/2025.3/lib/:/opt/intel/oneapi/ipp/2022.3/lib:/opt/intel/oneapi/dnnl/2025.3/lib:/opt/intel/oneapi/debugger/2025.3/opt/debugger/lib:/opt/intel/oneapi/dal/2025.10/lib:/opt/intel/oneapi/compiler/2025.3/opt/compiler/lib:/opt/intel/oneapi/compiler/2025.3/lib:/opt/intel/oneapi/ccl/2021.17/lib/::/opt/intel/oneapi/2025.3/lib:/opt/intel/oneapi/compiler/latest/linux/lib/intel64_lin:/opt/intel/oneapi/tcm/1.4/lib:/opt/intel/oneapi/umf/1.0/lib:/opt/intel/oneapi/tbb/2022.3/env/../lib/intel64/gcc4.8:/opt/intel/oneapi/mpi/2021.17/opt/mpi/libfabric/lib:/opt/intel/oneapi/mpi/2021.17/lib:/opt/intel/oneapi/mkl/2025.3/lib:/opt/intel/oneapi/ishmem/1.5/lib/:/opt/intel/oneapi/ippcp/2025.3/lib/:/opt/intel/oneapi/ipp/2022.3/lib:/opt/intel/oneapi/dnnl/2025.3/lib:/opt/intel/oneapi/debugger/2025.3/opt/debugger/lib:/opt/intel/oneapi/dal/2025.10/lib:/opt/intel/oneapi/compiler/2025.3/opt/compiler/lib:/opt/intel/oneapi/compiler/2025.3/lib:/opt/intel/oneapi/ccl/2021.17/lib/
160 [128417458546368] INFO perfrun.mrte <> - Data directory: /home/danie/Descargas/proj/img_border_detection/advisor/bdet_auto/e000/hs001/data.0
160 [128417458546368] INFO perfrun.mrte <> - Mrte plugin is initialized
160 [128417458546368] INFO perfrun.launcher <> - plugin [] was disabled because it doesn't support the given collection type.
160 [128417458546368] INFO perfrun.launcher <> - plugin [] was disabled because it doesn't support the given collection type.
160 [128417458546368] INFO perfrun.launcher <> - plugin [] was disabled because it doesn't support the given collection type.
160 [128417458546368] INFO perfrun.launcher <> - plugin [] was disabled because it doesn't support the given collection type.
160 [128417458546368] INFO perfrun.launcher <> - plugin [] was disabled because it doesn't support the given collection type.
160 [128417458546368] INFO perfrun.launcher <> - plugin [] was disabled because it doesn't support the given collection type.
161 [128417458546368] INFO perfrun.launcher <> - plugin [] was disabled because it doesn't support the given collection type.
161 [128417458546368] INFO perfrun.tpss <> - initialize tpss controller
161 [128417458546368] INFO perfrun.tpss <> - configure collection mode: value = cpu:stack
161 [128417458546368] INFO perfrun.tpss <> - default obj-size-min=1024
161 [128417458546368] INFO perfrun.tpss <> - default hash-table-size=0
161 [128417458546368] INFO perfrun.launcher <> - plugin [] was disabled because it doesn't support the given collection type.
161 [128417458546368] INFO perfrun.launcher <> - plugin [] was disabled because it doesn't support the given collection type.
161 [128417458546368] INFO perfrun.launcher <> - plugin [] was disabled because it doesn't support the given collection type.
161 [128417458546368] INFO perfrun.launcher <> - plugin [] was disabled because it doesn't support the given collection type.
161 [128417458546368] INFO perfrun.launcher <> - plugin [] was disabled because it doesn't support the given collection type.
161 [128417458546368] INFO perfrun.launcher <> - plugin [] was disabled because it doesn't support the given collection type.
161 [128417458546368] INFO perfrun.launcher <> - plugin [] was disabled because it doesn't support the given collection type.
161 [128417458546368] INFO perfrun.launcher <> - plugin [] was disabled because it doesn't support the given collection type.
161 [128417458546368] INFO perfrun.launcher <> - plugin [] was disabled because it doesn't support the given collection type.
161 [128417458546368] INFO perfrun.launcher <> - plugin [] was disabled because it doesn't support the given collection type.
162 [128417620400064] INFO perfrun.launcher <> - set environment variable: LD_LIBRARY_PATH = /opt/intel/oneapi/advisor/2025.4/lib32/runtime:/opt/intel/oneapi/advisor/2025.4/lib64/runtime:/opt/intel/oneapi/tcm/1.4/lib:/opt/intel/oneapi/umf/1.0/lib:/opt/intel/oneapi/tbb/2022.3/env/../lib/intel64/gcc4.8:/opt/intel/oneapi/mpi/2021.17/opt/mpi/libfabric/lib:/opt/intel/oneapi/mpi/2021.17/lib:/opt/intel/oneapi/mkl/2025.3/lib:/opt/intel/oneapi/ishmem/1.5/lib:/opt/intel/oneapi/ippcp/2025.3/lib/:/opt/intel/oneapi/ipp/2022.3/lib:/opt/intel/oneapi/dnnl/2025.3/lib:/opt/intel/oneapi/debugger/2025.3/opt/debugger/lib:/opt/intel/oneapi/dal/2025.10/lib:/opt/intel/oneapi/compiler/2025.3/opt/compiler/lib:/opt/intel/oneapi/compiler/2025.3/lib:/opt/intel/oneapi/ccl/2021.17/lib/:/opt/intel/oneapi/tcm/1.4/lib:/opt/intel/oneapi/umf/1.0/lib:/opt/intel/oneapi/tbb/2022.3/env/../lib/intel64/gcc4.8:/opt/intel/oneapi/mpi/2021.17/opt/mpi/libfabric/lib:/opt/intel/oneapi/mpi/2021.17/lib:/opt/intel/oneapi/mkl/2025.3/lib:/opt/intel/oneapi/ishmem/1.5/lib:/opt/intel/oneapi/ippcp/2025.3/lib/:/opt/intel/oneapi/ipp/2022.3/lib:/opt/intel/oneapi/dnnl/2025.3/lib:/opt/intel/oneapi/debugger/2025.3/opt/debugger/lib:/opt/intel/oneapi/dal/2025.10/lib:/opt/intel/oneapi/compiler/2025.3/opt/compiler/lib:/opt/intel/oneapi/compiler/2025.3/lib:/opt/intel/oneapi/ccl/2021.17/lib/::/opt/intel/oneapi/2025.3/lib:/opt/intel/oneapi/compiler/latest/linux/lib/intel64_lin:/opt/intel/oneapi/tcm/1.4/lib:/opt/intel/oneapi/umf/1.0/lib:/opt/intel/oneapi/tbb/2022.3/env/../lib/intel64/gcc4.8:/opt/intel/oneapi/mpi/2021.17/opt/mpi/libfabric/lib:/opt/intel/oneapi/mpi/2021.17/lib:/opt/intel/oneapi/mkl/2025.3/lib:/opt/intel/oneapi/ishmem/1.5/lib/:/opt/intel/oneapi/ippcp/2025.3/lib/:/opt/intel/oneapi/ipp/2022.3/lib:/opt/intel/oneapi/dnnl/2025.3/lib:/opt/intel/oneapi/debugger/2025.3/opt/debugger/lib:/opt/intel/oneapi/dal/2025.10/lib:/opt/intel/oneapi/compiler/2025.3/opt/compiler/lib:/opt/intel/oneapi/compiler/2025.3/lib:/opt/intel/oneapi/ccl/2021.17/lib/
162 [128417620400064] INFO perfrun.launcher <> - set environment variable: INTEL_LIBITTNOTIFY32 = /opt/intel/oneapi/advisor/2025.4/lib32/runtime/libittnotify_collector.so
162 [128417620400064] INFO perfrun.launcher <> - set environment variable: INTEL_LIBITTNOTIFY64 = /opt/intel/oneapi/advisor/2025.4/lib64/runtime/libittnotify_collector.so
162 [128417620400064] INFO perfrun.launcher <> - set environment variable: INTEL_ITTNOTIFY_GROUPS = 
162 [128417620400064] INFO perfrun.launcher <> - set environment variable: INTEL_JIT_PROFILER32 = /opt/intel/oneapi/advisor/2025.4/lib32/runtime/libittnotify_collector.so
162 [128417620400064] INFO perfrun.launcher <> - set environment variable: INTEL_JIT_PROFILER64 = /opt/intel/oneapi/advisor/2025.4/lib64/runtime/libittnotify_collector.so
162 [128417620400064] INFO perfrun.launcher <> - set environment variable: CCL_ITT_LEVEL = 1
162 [128417620400064] INFO perfrun.launcher <> - set environment variable: ENABLE_JITPROFILING = 1
162 [128417620400064] INFO perfrun.launcher <> - set environment variable: CL_CONFIG_USE_VTUNE = True
162 [128417620400064] INFO perfrun.launcher <> - set environment variable: KMP_FORKJOIN_FRAMES = 0
163 [128417620400064] INFO perfrun.launcher <> - set environment variable: KMP_FORKJOIN_FRAMES_MODE = 0
163 [128417620400064] INFO perfrun.launcher <> - set environment variable: INTEL_MRTE_DATA_DIR = /home/danie/Descargas/proj/img_border_detection/advisor/bdet_auto/e000/hs001/data.0
163 [128417620400064] INFO perfrun.launcher <> - set environment variable: INTEL_MRTE_HOST_NAME = danie-BUAP
163 [128417620400064] INFO perfrun.launcher <> - set environment variable: JAVA_TOOL_OPTIONS = -agentlib:advixe_samplingmrte_javaprof_1.0 -Dsun.boot.library.path=/opt/intel/oneapi/advisor/2025.4/lib32/runtime:/opt/intel/oneapi/advisor/2025.4/lib64/runtime
163 [128417620400064] INFO perfrun.launcher <> - set environment variable: LD_LIBRARY_PATH = /opt/intel/oneapi/advisor/2025.4/lib32/runtime:/opt/intel/oneapi/advisor/2025.4/lib64/runtime:/opt/intel/oneapi/tcm/1.4/lib:/opt/intel/oneapi/umf/1.0/lib:/opt/intel/oneapi/tbb/2022.3/env/../lib/intel64/gcc4.8:/opt/intel/oneapi/mpi/2021.17/opt/mpi/libfabric/lib:/opt/intel/oneapi/mpi/2021.17/lib:/opt/intel/oneapi/mkl/2025.3/lib:/opt/intel/oneapi/ishmem/1.5/lib:/opt/intel/oneapi/ippcp/2025.3/lib/:/opt/intel/oneapi/ipp/2022.3/lib:/opt/intel/oneapi/dnnl/2025.3/lib:/opt/intel/oneapi/debugger/2025.3/opt/debugger/lib:/opt/intel/oneapi/dal/2025.10/lib:/opt/intel/oneapi/compiler/2025.3/opt/compiler/lib:/opt/intel/oneapi/compiler/2025.3/lib:/opt/intel/oneapi/ccl/2021.17/lib/:/opt/intel/oneapi/tcm/1.4/lib:/opt/intel/oneapi/umf/1.0/lib:/opt/intel/oneapi/tbb/2022.3/env/../lib/intel64/gcc4.8:/opt/intel/oneapi/mpi/2021.17/opt/mpi/libfabric/lib:/opt/intel/oneapi/mpi/2021.17/lib:/opt/intel/oneapi/mkl/2025.3/lib:/opt/intel/oneapi/ishmem/1.5/lib:/opt/intel/oneapi/ippcp/2025.3/lib/:/opt/intel/oneapi/ipp/2022.3/lib:/opt/intel/oneapi/dnnl/2025.3/lib:/opt/intel/oneapi/debugger/2025.3/opt/debugger/lib:/opt/intel/oneapi/dal/2025.10/lib:/opt/intel/oneapi/compiler/2025.3/opt/compiler/lib:/opt/intel/oneapi/compiler/2025.3/lib:/opt/intel/oneapi/ccl/2021.17/lib/::/opt/intel/oneapi/2025.3/lib:/opt/intel/oneapi/compiler/latest/linux/lib/intel64_lin:/opt/intel/oneapi/tcm/1.4/lib:/opt/intel/oneapi/umf/1.0/lib:/opt/intel/oneapi/tbb/2022.3/env/../lib/intel64/gcc4.8:/opt/intel/oneapi/mpi/2021.17/opt/mpi/libfabric/lib:/opt/intel/oneapi/mpi/2021.17/lib:/opt/intel/oneapi/mkl/2025.3/lib:/opt/intel/oneapi/ishmem/1.5/lib/:/opt/intel/oneapi/ippcp/2025.3/lib/:/opt/intel/oneapi/ipp/2022.3/lib:/opt/intel/oneapi/dnnl/2025.3/lib:/opt/intel/oneapi/debugger/2025.3/opt/debugger/lib:/opt/intel/oneapi/dal/2025.10/lib:/opt/intel/oneapi/compiler/2025.3/opt/compiler/lib:/opt/intel/oneapi/compiler/2025.3/lib:/opt/intel/oneapi/ccl/2021.17/lib/
163 [128417620400064] INFO perfrun.launcher <> - RpcServer: run RPC server to handle requests
164 [128417620400064] INFO perfrun.launcher <> - Launcher: command line to start before modification = /home/danie/Descargas/proj/img_border_detection/cpp/edge_auto /home/danie/Descargas/proj/img_border_detection/img/input.pgm /home/danie/Descargas/proj/img_border_detection/img/output_auto.pgm
164 [128417620400064] INFO perfrun.launcher <> - Launcher: command line to start after modification = /opt/intel/oneapi/advisor/2025.4/bin64/pin -error_file /home/danie/Descargas/proj/img_border_detection/advisor/bdet_auto/e000/hs001/data.0/pinerr.tpsslog -detach_reattach -follow_execv -tool_load_option deepbind -t64 /opt/intel/oneapi/advisor/2025.4/lib64/libtpsstool.so -t /opt/intel/oneapi/advisor/2025.4/lib32/libtpsstool.so -server_name tpss_ipc.32045 -prd_dir /opt/intel/oneapi/advisor/2025.4 -- /home/danie/Descargas/proj/img_border_detection/cpp/edge_auto /home/danie/Descargas/proj/img_border_detection/img/input.pgm /home/danie/Descargas/proj/img_border_detection/img/output_auto.pgm
164 [128417620400064] INFO perfrun.launcher <> - ProcessCreator object was created
165 [128417620400064] INFO perfrun.launcher <> - Launcher: the process was started in suspend mode
168 [128417458546368] WARN perfrun.system <> - Folder "/var/run/libvirt/qemu/"doesn't exist, at file: vcs/perfrun1/plugins/system/src/trace_writer.cpp:804
169 [128417458546368] WARN perfrun.sdk <> - Failed to find xl binary on any of the system paths: /bin, /sbin, /usr/bin, /usr/sbin., at file: vcs/perfrun1/sdk/src/utils.cpp:205
169 [128417458546368] WARN perfrun.system <> - Only 2 usec accuracy achieved for reference point, at file: vcs/perfrun1/plugins/system/src/trace_writer.cpp:324
176 [128417458546368] INFO perfrun.vdso <> - Helper runtool '/opt/intel/oneapi/advisor/2025.4/bin32/advixe-runss -dump-vdso -r /home/danie/Descargas/proj/img_border_detection/advisor/bdet_auto/e000/hs001 --tmp-dir /tmp/advixe-tmp-root' returned 1
371 [128417458546368] INFO perfrun.vdso <> - Helper runtool '/opt/intel/oneapi/advisor/2025.4/bin64/advixe-runss -dump-vdso -r /home/danie/Descargas/proj/img_border_detection/advisor/bdet_auto/e000/hs001 --tmp-dir /tmp/advixe-tmp-root' returned 0
371 [128417458546368] INFO perfrun.itt <> - start itt controller for pid #32058
372 [128417458546368] INFO perfrun.tpss <> - start tpss controller for pid #32058
423 [128417620400064] INFO perfrun.launcher <> - Launcher: all plugins were started
424 [128417620400064] INFO perfrun.launcher <> - DirectoryMonitor object was created
424 [128417620400064] INFO perfrun.launcher <> - DirectoryMonitor: a callback was added
424 [128417620400064] INFO perfrun.launcher <> - DirectoryMonitor was started with pingTime = 1000
424 [128417620400064] INFO perfrun.launcher <> - DeadlineTimer is going to be constructed
424 [128417620400064] INFO perfrun.launcher <> - DeadlineTimer: a callback was added
468 [128417620400064] INFO perfrun.launcher <> - Launcher: resume the profiled application and  wait its termination or stop command
1140 [128417620400064] INFO perfrun.launcher <> - Launcher: the profiled application was terminated  with exit code = 0
1142 [128417458546368] WARN perfrun.system <> - Only 2 usec accuracy achieved for reference point, at file: vcs/perfrun1/plugins/system/src/trace_writer.cpp:324
1156 [128417458546368] INFO perfrun.itt <> - detach itt controller
1157 [128417458546368] INFO perfrun.itt <> - detach itt controller done
1157 [128417458546368] INFO perfrun.tpss <> - stop tpss controller
1157 [128417458546368] INFO perfrun.sdk <> - De-allocating TMU: /home/danie/Descargas/proj/img_border_detection/advisor/bdet_auto/e000/hs001/data.0/systemcollector-32045-danie-BUAP.sc
1157 [128417458546368] INFO perfrun.system <> - closed the system trace file: /home/danie/Descargas/proj/img_border_detection/advisor/bdet_auto/e000/hs001/data.0/systemcollector-32045-danie-BUAP.sc
1157 [128417620400064] INFO perfrun.launcher <> - Launcher: all plugins were stopped.
1157 [128417620400064] INFO perfrun.launcher <> - DeadlineTimer is going to be destroyed
1157 [128417620400064] INFO perfrun.launcher <> - DeadlineTimer was destroyed
1157 [128417620400064] INFO perfrun.launcher <> - DirectoryMonitor object was destroyed
1158 [128417620400064] WARN perfrun.launcher <> - Stop command is ignored because it is received when collection is already stopped, at file: vcs/perfrun1/launcher/src/command_handler.cpp:226
1159 [128417620400064] INFO perfrun.launcher <> - Application exit code: 0
1159 [128417620400064] INFO perfrun.launcher <> - Exit code: 0
