1 [123173905848256] INFO perfrun.launcher <> - Launcher main begin
2 [123173905848256] INFO perfrun.launcher <> - MessageCatalogInit finished
2 [123173905848256] INFO perfrun.launcher <> - Launcher instance created
2 [123173905848256] INFO perfrun.launcher <> - argc = 7; cmdline = /opt/intel/oneapi/advisor/2025.4/bin64/advixe-runss --ui-output-format xml --ui-output-fd 161 --option-file /home/danie/Descargas/proj/img_border_detection/advisor/bdet_guided/e000/hs000/config/runss.options 
146 [123173905848256] INFO perfrun.launcher <> - create msngr2::ICliToolContext
146 [123173905848256] INFO perfrun.launcher <> - create file finder object
147 [123173905848256] INFO perfrun.launcher <> - create a result directory: pattern = /home/danie/Descargas/proj/img_border_detection/advisor/bdet_guided/e000/hs000 pid = 4294967295
154 [123173905848256] INFO perfrun.sdk <> - checked that the directory /home/danie/Descargas/proj/img_border_detection/advisor/bdet_guided/e000/hs000 is a local directory
155 [123173905848256] INFO perfrun.sdk <> - the directory /home/danie/Descargas/proj/img_border_detection/advisor/bdet_guided/e000/hs000 is a local directory with FS type ID 61267
155 [123173905848256] INFO perfrun.launcher <> - create data directory = /home/danie/Descargas/proj/img_border_detection/advisor/bdet_guided/e000/hs000/data.0
155 [123173905848256] INFO perfrun.launcher <> - Creating the master collection flag
212 [123173905848256] INFO perfrun.launcher <> - Done creating the master collection flag
213 [123173743879872] INFO perfrun.launcher <> - plugin [remoteplug] was disabled because it doesn't support the given collection type.
213 [123173743879872] INFO perfrun.sdk <> - Allocating TMU :/home/danie/Descargas/proj/img_border_detection/advisor/bdet_guided/e000/hs000/data.0/systemcollector-31272-danie-BUAP.sc
213 [123173743879872] INFO perfrun.launcher <> - plugin [] was disabled because it doesn't support the given collection type.
213 [123173743879872] INFO perfrun.launcher <> - plugin [gpu] was disabled because it doesn't support the given collection type.
213 [123173743879872] INFO perfrun.launcher <> - plugin [] was disabled because it doesn't support the given collection type.
214 [123173743879872] INFO perfrun.launcher <> - plugin [] was disabled because it doesn't support the given collection type.
214 [123173743879872] INFO perfrun.launcher <> - plugin [] was disabled because it doesn't support the given collection type.
214 [123173743879872] INFO perfrun.mrte <> - system-wide mode is 0
214 [123173743879872] INFO perfrun.mrte <> - Getting  mrte profiling environment ...
225 [123173743879872] INFO perfrun.mrte <> - INTEL_MRTE_DATA_DIR=/home/danie/Descargas/proj/img_border_detection/advisor/bdet_guided/e000/hs000/data.0
225 [123173743879872] INFO perfrun.mrte <> - INTEL_MRTE_HOST_NAME=danie-BUAP
225 [123173743879872] INFO perfrun.mrte <> - JAVA_TOOL_OPTIONS=-agentlib:advixe_samplingmrte_javaprof_1.0 -Dsun.boot.library.path=/opt/intel/oneapi/advisor/2025.4/lib32/runtime:/opt/intel/oneapi/advisor/2025.4/lib64/runtime
225 [123173743879872] INFO perfrun.mrte <> - LD_LIBRARY_PATH=/opt/intel/oneapi/advisor/2025.4/lib32/runtime:/opt/intel/oneapi/advisor/2025.4/lib64/runtime:/opt/intel/oneapi/tcm/1.4/lib:/opt/intel/oneapi/umf/1.0/lib:/opt/intel/oneapi/tbb/2022.3/env/../lib/intel64/gcc4.8:/opt/intel/oneapi/mpi/2021.17/opt/mpi/libfabric/lib:/opt/intel/oneapi/mpi/2021.17/lib:/opt/intel/oneapi/mkl/2025.3/lib:/opt/intel/oneapi/ishmem/1.5/lib:/opt/intel/oneapi/ippcp/2025.3/lib/:/opt/intel/oneapi/ipp/2022.3/lib:/opt/intel/oneapi/dnnl/2025.3/lib:/opt/intel/oneapi/debugger/2025.3/opt/debugger/lib:/opt/intel/oneapi/dal/2025.10/lib:/opt/intel/oneapi/compiler/2025.3/opt/compiler/lib:/opt/intel/oneapi/compiler/2025.3/lib:/opt/intel/oneapi/ccl/2021.17/lib/:/opt/intel/oneapi/tcm/1.4/lib:/opt/intel/oneapi/umf/1.0/lib:/opt/intel/oneapi/tbb/2022.3/env/../lib/intel64/gcc4.8:/opt/intel/oneapi/mpi/2021.17/opt/mpi/libfabric/lib:/opt/intel/oneapi/mpi/2021.17/lib:/opt/intel/oneapi/mkl/2025.3/lib:/opt/intel/oneapi/ishmem/1.5/lib:/opt/intel/oneapi/ippcp/2025.3/lib/:/opt/intel/oneapi/ipp/2022.3/lib:/opt/intel/oneapi/dnnl/2025.3/lib:/opt/intel/oneapi/debugger/2025.3/opt/debugger/lib:/opt/intel/oneapi/dal/2025.10/lib:/opt/intel/oneapi/compiler/2025.3/opt/compiler/lib:/opt/intel/oneapi/compiler/2025.3/lib:/opt/intel/oneapi/ccl/2021.17/lib/::/opt/intel/oneapi/2025.3/lib:/opt/intel/oneapi/compiler/latest/linux/lib/intel64_lin:/opt/intel/oneapi/tcm/1.4/lib:/opt/intel/oneapi/umf/1.0/lib:/opt/intel/oneapi/tbb/2022.3/env/../lib/intel64/gcc4.8:/opt/intel/oneapi/mpi/2021.17/opt/mpi/libfabric/lib:/opt/intel/oneapi/mpi/2021.17/lib:/opt/intel/oneapi/mkl/2025.3/lib:/opt/intel/oneapi/ishmem/1.5/lib/:/opt/intel/oneapi/ippcp/2025.3/lib/:/opt/intel/oneapi/ipp/2022.3/lib:/opt/intel/oneapi/dnnl/2025.3/lib:/opt/intel/oneapi/debugger/2025.3/opt/debugger/lib:/opt/intel/oneapi/dal/2025.10/lib:/opt/intel/oneapi/compiler/2025.3/opt/compiler/lib:/opt/intel/oneapi/compiler/2025.3/lib:/opt/intel/oneapi/ccl/2021.17/lib/
225 [123173743879872] INFO perfrun.mrte <> - Data directory: /home/danie/Descargas/proj/img_border_detection/advisor/bdet_guided/e000/hs000/data.0
225 [123173743879872] INFO perfrun.mrte <> - Mrte plugin is initialized
225 [123173743879872] INFO perfrun.launcher <> - plugin [] was disabled because it doesn't support the given collection type.
225 [123173743879872] INFO perfrun.launcher <> - plugin [] was disabled because it doesn't support the given collection type.
225 [123173743879872] INFO perfrun.launcher <> - plugin [] was disabled because it doesn't support the given collection type.
225 [123173743879872] INFO perfrun.launcher <> - plugin [] was disabled because it doesn't support the given collection type.
225 [123173743879872] INFO perfrun.launcher <> - plugin [] was disabled because it doesn't support the given collection type.
225 [123173743879872] INFO perfrun.launcher <> - plugin [] was disabled because it doesn't support the given collection type.
225 [123173743879872] INFO perfrun.launcher <> - plugin [] was disabled because it doesn't support the given collection type.
225 [123173743879872] INFO perfrun.tpss <> - initialize tpss controller
225 [123173743879872] INFO perfrun.tpss <> - configure collection mode: value = cpu:stack
225 [123173743879872] INFO perfrun.tpss <> - default obj-size-min=1024
225 [123173743879872] INFO perfrun.tpss <> - default hash-table-size=0
225 [123173743879872] INFO perfrun.launcher <> - plugin [] was disabled because it doesn't support the given collection type.
225 [123173743879872] INFO perfrun.launcher <> - plugin [] was disabled because it doesn't support the given collection type.
225 [123173743879872] INFO perfrun.launcher <> - plugin [] was disabled because it doesn't support the given collection type.
225 [123173743879872] INFO perfrun.launcher <> - plugin [] was disabled because it doesn't support the given collection type.
225 [123173743879872] INFO perfrun.launcher <> - plugin [] was disabled because it doesn't support the given collection type.
225 [123173743879872] INFO perfrun.launcher <> - plugin [] was disabled because it doesn't support the given collection type.
225 [123173743879872] INFO perfrun.launcher <> - plugin [] was disabled because it doesn't support the given collection type.
225 [123173743879872] INFO perfrun.launcher <> - plugin [] was disabled because it doesn't support the given collection type.
225 [123173743879872] INFO perfrun.launcher <> - plugin [] was disabled because it doesn't support the given collection type.
225 [123173743879872] INFO perfrun.launcher <> - plugin [] was disabled because it doesn't support the given collection type.
225 [123173905848256] INFO perfrun.launcher <> - set environment variable: LD_LIBRARY_PATH = /opt/intel/oneapi/advisor/2025.4/lib32/runtime:/opt/intel/oneapi/advisor/2025.4/lib64/runtime:/opt/intel/oneapi/tcm/1.4/lib:/opt/intel/oneapi/umf/1.0/lib:/opt/intel/oneapi/tbb/2022.3/env/../lib/intel64/gcc4.8:/opt/intel/oneapi/mpi/2021.17/opt/mpi/libfabric/lib:/opt/intel/oneapi/mpi/2021.17/lib:/opt/intel/oneapi/mkl/2025.3/lib:/opt/intel/oneapi/ishmem/1.5/lib:/opt/intel/oneapi/ippcp/2025.3/lib/:/opt/intel/oneapi/ipp/2022.3/lib:/opt/intel/oneapi/dnnl/2025.3/lib:/opt/intel/oneapi/debugger/2025.3/opt/debugger/lib:/opt/intel/oneapi/dal/2025.10/lib:/opt/intel/oneapi/compiler/2025.3/opt/compiler/lib:/opt/intel/oneapi/compiler/2025.3/lib:/opt/intel/oneapi/ccl/2021.17/lib/:/opt/intel/oneapi/tcm/1.4/lib:/opt/intel/oneapi/umf/1.0/lib:/opt/intel/oneapi/tbb/2022.3/env/../lib/intel64/gcc4.8:/opt/intel/oneapi/mpi/2021.17/opt/mpi/libfabric/lib:/opt/intel/oneapi/mpi/2021.17/lib:/opt/intel/oneapi/mkl/2025.3/lib:/opt/intel/oneapi/ishmem/1.5/lib:/opt/intel/oneapi/ippcp/2025.3/lib/:/opt/intel/oneapi/ipp/2022.3/lib:/opt/intel/oneapi/dnnl/2025.3/lib:/opt/intel/oneapi/debugger/2025.3/opt/debugger/lib:/opt/intel/oneapi/dal/2025.10/lib:/opt/intel/oneapi/compiler/2025.3/opt/compiler/lib:/opt/intel/oneapi/compiler/2025.3/lib:/opt/intel/oneapi/ccl/2021.17/lib/::/opt/intel/oneapi/2025.3/lib:/opt/intel/oneapi/compiler/latest/linux/lib/intel64_lin:/opt/intel/oneapi/tcm/1.4/lib:/opt/intel/oneapi/umf/1.0/lib:/opt/intel/oneapi/tbb/2022.3/env/../lib/intel64/gcc4.8:/opt/intel/oneapi/mpi/2021.17/opt/mpi/libfabric/lib:/opt/intel/oneapi/mpi/2021.17/lib:/opt/intel/oneapi/mkl/2025.3/lib:/opt/intel/oneapi/ishmem/1.5/lib/:/opt/intel/oneapi/ippcp/2025.3/lib/:/opt/intel/oneapi/ipp/2022.3/lib:/opt/intel/oneapi/dnnl/2025.3/lib:/opt/intel/oneapi/debugger/2025.3/opt/debugger/lib:/opt/intel/oneapi/dal/2025.10/lib:/opt/intel/oneapi/compiler/2025.3/opt/compiler/lib:/opt/intel/oneapi/compiler/2025.3/lib:/opt/intel/oneapi/ccl/2021.17/lib/
226 [123173905848256] INFO perfrun.launcher <> - set environment variable: INTEL_LIBITTNOTIFY32 = /opt/intel/oneapi/advisor/2025.4/lib32/runtime/libittnotify_collector.so
226 [123173905848256] INFO perfrun.launcher <> - set environment variable: INTEL_LIBITTNOTIFY64 = /opt/intel/oneapi/advisor/2025.4/lib64/runtime/libittnotify_collector.so
226 [123173905848256] INFO perfrun.launcher <> - set environment variable: INTEL_ITTNOTIFY_GROUPS = 
226 [123173905848256] INFO perfrun.launcher <> - set environment variable: INTEL_JIT_PROFILER32 = /opt/intel/oneapi/advisor/2025.4/lib32/runtime/libittnotify_collector.so
226 [123173905848256] INFO perfrun.launcher <> - set environment variable: INTEL_JIT_PROFILER64 = /opt/intel/oneapi/advisor/2025.4/lib64/runtime/libittnotify_collector.so
226 [123173905848256] INFO perfrun.launcher <> - set environment variable: CCL_ITT_LEVEL = 1
226 [123173905848256] INFO perfrun.launcher <> - set environment variable: ENABLE_JITPROFILING = 1
226 [123173905848256] INFO perfrun.launcher <> - set environment variable: CL_CONFIG_USE_VTUNE = True
226 [123173905848256] INFO perfrun.launcher <> - set environment variable: KMP_FORKJOIN_FRAMES = 0
226 [123173905848256] INFO perfrun.launcher <> - set environment variable: KMP_FORKJOIN_FRAMES_MODE = 0
226 [123173905848256] INFO perfrun.launcher <> - set environment variable: INTEL_MRTE_DATA_DIR = /home/danie/Descargas/proj/img_border_detection/advisor/bdet_guided/e000/hs000/data.0
226 [123173905848256] INFO perfrun.launcher <> - set environment variable: INTEL_MRTE_HOST_NAME = danie-BUAP
226 [123173905848256] INFO perfrun.launcher <> - set environment variable: JAVA_TOOL_OPTIONS = -agentlib:advixe_samplingmrte_javaprof_1.0 -Dsun.boot.library.path=/opt/intel/oneapi/advisor/2025.4/lib32/runtime:/opt/intel/oneapi/advisor/2025.4/lib64/runtime
227 [123173905848256] INFO perfrun.launcher <> - set environment variable: LD_LIBRARY_PATH = /opt/intel/oneapi/advisor/2025.4/lib32/runtime:/opt/intel/oneapi/advisor/2025.4/lib64/runtime:/opt/intel/oneapi/tcm/1.4/lib:/opt/intel/oneapi/umf/1.0/lib:/opt/intel/oneapi/tbb/2022.3/env/../lib/intel64/gcc4.8:/opt/intel/oneapi/mpi/2021.17/opt/mpi/libfabric/lib:/opt/intel/oneapi/mpi/2021.17/lib:/opt/intel/oneapi/mkl/2025.3/lib:/opt/intel/oneapi/ishmem/1.5/lib:/opt/intel/oneapi/ippcp/2025.3/lib/:/opt/intel/oneapi/ipp/2022.3/lib:/opt/intel/oneapi/dnnl/2025.3/lib:/opt/intel/oneapi/debugger/2025.3/opt/debugger/lib:/opt/intel/oneapi/dal/2025.10/lib:/opt/intel/oneapi/compiler/2025.3/opt/compiler/lib:/opt/intel/oneapi/compiler/2025.3/lib:/opt/intel/oneapi/ccl/2021.17/lib/:/opt/intel/oneapi/tcm/1.4/lib:/opt/intel/oneapi/umf/1.0/lib:/opt/intel/oneapi/tbb/2022.3/env/../lib/intel64/gcc4.8:/opt/intel/oneapi/mpi/2021.17/opt/mpi/libfabric/lib:/opt/intel/oneapi/mpi/2021.17/lib:/opt/intel/oneapi/mkl/2025.3/lib:/opt/intel/oneapi/ishmem/1.5/lib:/opt/intel/oneapi/ippcp/2025.3/lib/:/opt/intel/oneapi/ipp/2022.3/lib:/opt/intel/oneapi/dnnl/2025.3/lib:/opt/intel/oneapi/debugger/2025.3/opt/debugger/lib:/opt/intel/oneapi/dal/2025.10/lib:/opt/intel/oneapi/compiler/2025.3/opt/compiler/lib:/opt/intel/oneapi/compiler/2025.3/lib:/opt/intel/oneapi/ccl/2021.17/lib/::/opt/intel/oneapi/2025.3/lib:/opt/intel/oneapi/compiler/latest/linux/lib/intel64_lin:/opt/intel/oneapi/tcm/1.4/lib:/opt/intel/oneapi/umf/1.0/lib:/opt/intel/oneapi/tbb/2022.3/env/../lib/intel64/gcc4.8:/opt/intel/oneapi/mpi/2021.17/opt/mpi/libfabric/lib:/opt/intel/oneapi/mpi/2021.17/lib:/opt/intel/oneapi/mkl/2025.3/lib:/opt/intel/oneapi/ishmem/1.5/lib/:/opt/intel/oneapi/ippcp/2025.3/lib/:/opt/intel/oneapi/ipp/2022.3/lib:/opt/intel/oneapi/dnnl/2025.3/lib:/opt/intel/oneapi/debugger/2025.3/opt/debugger/lib:/opt/intel/oneapi/dal/2025.10/lib:/opt/intel/oneapi/compiler/2025.3/opt/compiler/lib:/opt/intel/oneapi/compiler/2025.3/lib:/opt/intel/oneapi/ccl/2021.17/lib/
227 [123173905848256] INFO perfrun.launcher <> - RpcServer: run RPC server to handle requests
227 [123173905848256] INFO perfrun.launcher <> - Launcher: command line to start before modification = /home/danie/Descargas/proj/img_border_detection/cpp/edge_implicit /home/danie/Descargas/proj/img_border_detection/img/input.pgm /home/danie/Descargas/proj/img_border_detection/img/output_implicit.pgm
227 [123173905848256] INFO perfrun.launcher <> - Launcher: command line to start after modification = /opt/intel/oneapi/advisor/2025.4/bin64/pin -error_file /home/danie/Descargas/proj/img_border_detection/advisor/bdet_guided/e000/hs000/data.0/pinerr.tpsslog -detach_reattach -follow_execv -tool_load_option deepbind -t64 /opt/intel/oneapi/advisor/2025.4/lib64/libtpsstool.so -t /opt/intel/oneapi/advisor/2025.4/lib32/libtpsstool.so -server_name tpss_ipc.31272 -prd_dir /opt/intel/oneapi/advisor/2025.4 -- /home/danie/Descargas/proj/img_border_detection/cpp/edge_implicit /home/danie/Descargas/proj/img_border_detection/img/input.pgm /home/danie/Descargas/proj/img_border_detection/img/output_implicit.pgm
227 [123173905848256] INFO perfrun.launcher <> - ProcessCreator object was created
228 [123173905848256] INFO perfrun.launcher <> - Launcher: the process was started in suspend mode
229 [123173743879872] WARN perfrun.system <> - Folder "/var/run/libvirt/qemu/"doesn't exist, at file: vcs/perfrun1/plugins/system/src/trace_writer.cpp:804
230 [123173743879872] WARN perfrun.sdk <> - Failed to find xl binary on any of the system paths: /bin, /sbin, /usr/bin, /usr/sbin., at file: vcs/perfrun1/sdk/src/utils.cpp:205
231 [123173743879872] WARN perfrun.system <> - Only 2 usec accuracy achieved for reference point, at file: vcs/perfrun1/plugins/system/src/trace_writer.cpp:324
237 [123173743879872] INFO perfrun.vdso <> - Helper runtool '/opt/intel/oneapi/advisor/2025.4/bin32/advixe-runss -dump-vdso -r /home/danie/Descargas/proj/img_border_detection/advisor/bdet_guided/e000/hs000 --tmp-dir /tmp/advixe-tmp-root' returned 1
399 [123173743879872] INFO perfrun.vdso <> - Helper runtool '/opt/intel/oneapi/advisor/2025.4/bin64/advixe-runss -dump-vdso -r /home/danie/Descargas/proj/img_border_detection/advisor/bdet_guided/e000/hs000 --tmp-dir /tmp/advixe-tmp-root' returned 0
399 [123173743879872] INFO perfrun.itt <> - start itt controller for pid #31285
400 [123173743879872] INFO perfrun.tpss <> - start tpss controller for pid #31285
451 [123173905848256] INFO perfrun.launcher <> - Launcher: all plugins were started
451 [123173905848256] INFO perfrun.launcher <> - DirectoryMonitor object was created
451 [123173905848256] INFO perfrun.launcher <> - DirectoryMonitor: a callback was added
451 [123173905848256] INFO perfrun.launcher <> - DirectoryMonitor was started with pingTime = 1000
451 [123173905848256] INFO perfrun.launcher <> - DeadlineTimer is going to be constructed
451 [123173905848256] INFO perfrun.launcher <> - DeadlineTimer: a callback was added
520 [123173905848256] INFO perfrun.launcher <> - Launcher: resume the profiled application and  wait its termination or stop command
1559 [123173905848256] INFO perfrun.launcher <> - Launcher: the profiled application was terminated  with exit code = 0
1561 [123173743879872] WARN perfrun.system <> - Only 2 usec accuracy achieved for reference point, at file: vcs/perfrun1/plugins/system/src/trace_writer.cpp:324
1571 [123173743879872] INFO perfrun.itt <> - detach itt controller
1571 [123173743879872] INFO perfrun.itt <> - detach itt controller done
1571 [123173743879872] INFO perfrun.tpss <> - stop tpss controller
1572 [123173743879872] INFO perfrun.sdk <> - De-allocating TMU: /home/danie/Descargas/proj/img_border_detection/advisor/bdet_guided/e000/hs000/data.0/systemcollector-31272-danie-BUAP.sc
1572 [123173743879872] INFO perfrun.system <> - closed the system trace file: /home/danie/Descargas/proj/img_border_detection/advisor/bdet_guided/e000/hs000/data.0/systemcollector-31272-danie-BUAP.sc
1573 [123173905848256] INFO perfrun.launcher <> - Launcher: all plugins were stopped.
1573 [123173905848256] INFO perfrun.launcher <> - DeadlineTimer is going to be destroyed
1573 [123173905848256] INFO perfrun.launcher <> - DeadlineTimer was destroyed
1573 [123173905848256] INFO perfrun.launcher <> - DirectoryMonitor object was destroyed
1574 [123173905848256] WARN perfrun.launcher <> - Stop command is ignored because it is received when collection is already stopped, at file: vcs/perfrun1/launcher/src/command_handler.cpp:226
1575 [123173905848256] INFO perfrun.launcher <> - Application exit code: 0
1575 [123173905848256] INFO perfrun.launcher <> - Exit code: 0
